{
  "stats": {
    "suites": 1,
    "tests": 2,
    "passes": 2,
    "pending": 0,
    "failures": 0,
    "start": "2025-09-11T02:16:34.265Z",
    "end": "2025-09-11T02:16:34.340Z",
    "duration": 75,
    "testsRegistered": 2,
    "passPercent": 100,
    "pendingPercent": 0,
    "other": 0,
    "hasOther": false,
    "skipped": 0,
    "hasSkipped": false
  },
  "results": [
    {
      "uuid": "8749b00e-b97a-462c-8b54-5c9b65437051",
      "title": "",
      "fullFile": "C:\\Pessoal\\POS Automação Testes\\trabalho-final-pgats-2025-02\\graphql\\test\\graphql.external.test.js",
      "file": "\\graphql\\test\\graphql.external.test.js",
      "beforeHooks": [],
      "afterHooks": [],
      "tests": [],
      "suites": [
        {
          "uuid": "4b857c31-ea84-404b-ac96-b5623ae3c178",
          "title": "Testes External GraphQL",
          "fullFile": "C:\\Pessoal\\POS Automação Testes\\trabalho-final-pgats-2025-02\\graphql\\test\\graphql.external.test.js",
          "file": "\\graphql\\test\\graphql.external.test.js",
          "beforeHooks": [],
          "afterHooks": [],
          "tests": [
            {
              "title": "Deve cadastrar novo usuário via GraphQL",
              "fullTitle": "Testes External GraphQL Deve cadastrar novo usuário via GraphQL",
              "timedOut": false,
              "duration": 60,
              "state": "passed",
              "speed": "medium",
              "pass": true,
              "fail": false,
              "pending": false,
              "context": null,
              "code": "const respostaEsperada = require('../fixture/respostas/quandoCadastroNovoUsuarioQueNaoExisteRetornaSucesso.json');\nconst mutation = `\n    mutation {\n        register(name: \"Andreia 10\", email: \"andreia10@gmail.com\", password: \"123456\") {\n            email\n            name\n        }\n    }\n`;\nconst res = await request(apiUrl)\n    .post('/graphql')\n    .send({ query: mutation\n});",
              "err": {},
              "uuid": "d3380f45-d045-4a69-b215-21854512b07c",
              "parentUUID": "4b857c31-ea84-404b-ac96-b5623ae3c178",
              "isHook": false,
              "skipped": false
            },
            {
              "title": "Deve retornar erro ao tentar cadastrar usuário com email já cadastrado",
              "fullTitle": "Testes External GraphQL Deve retornar erro ao tentar cadastrar usuário com email já cadastrado",
              "timedOut": false,
              "duration": 10,
              "state": "passed",
              "speed": "fast",
              "pass": true,
              "fail": false,
              "pending": false,
              "context": null,
              "code": "const respostaErro = require('../fixture/respostas/quandoIndicadoEmailJaCadastradoInformaEmailJaCadastrado.json');\nconst mutation = `\n    mutation {\n        register(name: \"Andreia 10\", email: \"andreia10@gmail.com\", password: \"123456\") {\n            email\n            name\n        }\n    }\n`;\nconst res = await request(apiUrl)\n    .post('/graphql')\n    .send({ query: mutation });\nexpect(res.status).to.equal(200);\nexpect(res.body).to.have.property('errors');\nexpect(res.body.errors[0].message).to.equal(respostaErro.errors[0].message);",
              "err": {},
              "uuid": "259373f4-49aa-406e-9079-2f3c4aceeca4",
              "parentUUID": "4b857c31-ea84-404b-ac96-b5623ae3c178",
              "isHook": false,
              "skipped": false
            }
          ],
          "suites": [],
          "passes": [
            "d3380f45-d045-4a69-b215-21854512b07c",
            "259373f4-49aa-406e-9079-2f3c4aceeca4"
          ],
          "failures": [],
          "pending": [],
          "skipped": [],
          "duration": 70,
          "root": false,
          "rootEmpty": false,
          "_timeout": 10000
        }
      ],
      "passes": [],
      "failures": [],
      "pending": [],
      "skipped": [],
      "duration": 0,
      "root": true,
      "rootEmpty": true,
      "_timeout": 10000
    }
  ],
  "meta": {
    "mocha": {
      "version": "11.7.2"
    },
    "mochawesome": {
      "options": {
        "quiet": false,
        "reportFilename": "mochawesome",
        "saveHtml": true,
        "saveJson": true,
        "consoleReporter": "spec",
        "useInlineDiffs": false,
        "code": true
      },
      "version": "7.1.3"
    },
    "marge": {
      "options": null,
      "version": "6.2.0"
    }
  }
}